run,classname,last,count,delta,lenmean,lensd,lenmax
1,Float,38800,78670,39870,,,
1,String,43143,46750,3607,28.676086,463.776937,57728.000000
1,Float,38800,73119,34319,,,
1,Array,1957,2084,127,10.037908,45.347657,510.000000
1,String,43143,46844,3701,28.844057,463.329476,57728.000000
1,Regexp,1133,1144,11,,,
1,Array,1957,2086,129,10.069511,45.331578,510.000000
1,Float,38800,77546,38746,,,
1,Class,923,985,62,,,
1,Regexp,1133,1144,11,,,
1,String,43143,46947,3804,29.026817,462.840039,57728.000000
1,Proc,368,458,90,,,
1,Class,923,985,62,,,
1,Array,1957,2090,133,10.099522,45.296086,510.000000
1,Module,364,379,15,,,
1,Proc,368,458,90,,,
1,Regexp,1133,1144,11,,,
1,Hash,216,263,47,17.844106,59.945032,519.000000
1,Module,364,379,15,,,
1,Class,923,985,62,,,
1,Gem::Version,238,239,1,,,
1,Hash,216,263,47,17.866920,59.976151,519.000000
1,Proc,368,458,90,,,
1,Gem::Requirement,221,222,1,,,
1,Gem::Version,238,239,1,,,
1,Module,364,379,15,,,
1,Time,94,129,35,,,
1,Gem::Requirement,221,222,1,,,
1,Hash,216,265,49,17.811321,59.857108,519.000000
1,Gem::Dependency,71,72,1,,,
1,Time,94,133,39,,,
1,Gem::Version,238,239,1,,,
1,Mongrel::Stats,14,42,28,,,
1,Gem::Dependency,71,72,1,,,
1,Gem::Requirement,221,222,1,,,
1,Bignum,8,26,18,,,
1,Mongrel::Stats,14,48,34,,,
1,Time,94,136,42,,,
1,Set,19,20,1,61.400000,155.109944,519.000000
1,Bignum,8,26,18,,,
1,Gem::Dependency,71,72,1,,,
1,Mime::Type,14,15,1,,,
1,Set,19,20,1,61.400000,155.109944,519.000000
1,Mongrel::Stats,14,50,36,,,
1,StringIO,3,12,9,4841.000000,16655.238674,57728.000000
1,Mime::Type,14,15,1,,,
1,Bignum,8,32,24,,,
1,File,10,11,1,,,
1,StringIO,3,12,9,4841.000000,16655.238674,57728.000000
1,Set,19,20,1,61.400000,155.109944,519.000000
3,MatchData,10,11,1,2.454545,1.694912,5.000000
4,Float,77546,212920,135374,,,
4,String,46947,45629,-1318,33.819939,527.603517,57728.000000
4,Array,2090,4625,2535,4.961946,29.006902,510.000000
4,Regexp,1144,1145,1,,,
4,Proc,458,598,140,,,
4,Hash,265,282,17,17.581560,58.536804,519.000000
4,Gem::Version,239,238,-1,,,
4,Gem::Requirement,222,221,-1,,,
4,Time,136,193,57,,,
4,Range,169,172,3,,,
4,YAML::Syck::Scalar,12,150,138,,,
4,Mongrel::Stats,50,75,25,,,
4,Gem::Dependency,72,71,-1,,,
4,Bignum,32,56,24,,,
4,StringIO,12,15,3,3900.266667,14891.236567,57728.000000
4,File,11,12,1,,,
5,Float,212920,348279,135359,,,
5,String,45629,46030,401,34.981990,542.446503,57728.000000
5,Array,4625,5602,977,4.388790,26.440459,510.000000
5,Regexp,1145,1146,1,,,
5,Proc,598,654,56,,,
5,Hash,282,297,15,17.313131,57.441800,519.000000
5,Time,193,226,33,,,
5,YAML::Syck::Scalar,150,204,54,,,
5,Range,172,173,1,,,
5,Mongrel::Stats,75,92,17,,,
5,Bignum,56,64,8,,,
5,StringIO,15,18,3,3259.500000,13593.804680,57728.000000
5,File,12,13,1,,,
6,Float,348279,114975,-233304,,,
6,String,46030,44160,-1870,29.537455,477.122337,57728.000000
6,Array,5602,1984,-3618,9.141129,43.602688,510.000000
6,Regexp,1146,1142,-4,,,
6,Proc,654,456,-198,,,
6,Hash,297,243,-54,18.197531,61.720863,519.000000
6,Range,173,169,-4,,,
6,Time,226,120,-106,,,
6,Mongrel::Stats,92,37,-55,,,
6,Bignum,64,14,-50,,,
6,YAML::Syck::Scalar,204,12,-192,,,
7,Float,114975,149511,34536,,,
7,String,44160,44292,132,29.667886,476.455646,57728.000000
7,Array,1984,2004,20,9.134232,43.466383,510.000000
7,Hash,243,259,16,18.258687,60.275391,519.000000
7,Time,120,144,24,,,
7,Mongrel::Stats,37,56,19,,,
7,StringIO,9,18,9,3238.722222,13598.901131,57728.000000
7,Float,114975,209063,94088,,,
8,String,44292,44447,155,29.978784,475.650302,57728.000000
8,Array,2004,2010,6,9.126368,43.339813,510.000000
8,Proc,456,455,-1,,,
8,Float,149511,241136,91625,,,
8,Hash,259,256,-3,18.871094,61.043435,519.000000
8,String,44292,44579,287,30.212881,474.970066,57728.000000
8,Time,144,160,16,,,
8,Array,2004,2017,13,9.156668,43.275709,510.000000
8,Mongrel::Stats,56,72,16,,,
8,Float,149511,253415,103904,,,
8,Proc,456,455,-1,,,
8,Bignum,14,20,6,,,
8,String,44292,44707,415,30.447782,474.313926,57728.000000
8,Hash,259,258,-1,18.810078,60.916914,519.000000
9,Array,2010,2025,15,9.242963,43.275227,510.000000
9,Bignum,20,32,12,,,
9,Hash,256,260,4,18.707692,60.726165,519.000000
11,Float,253415,105302,-148113,,,
11,String,44707,44295,-412,29.559747,476.416455,57728.000000
11,Array,2025,2059,34,8.844099,42.828556,510.000000
11,Proc,455,469,14,,,
11,Time,160,135,-25,,,
11,Mongrel::Stats,72,38,-34,,,
11,YAML::Syck::Scalar,0,24,24,,,
11,StringIO,18,15,-3,3875.266667,14898.048992,57728.000000
11,Bignum,32,14,-18,,,
11,Float,253415,115133,-138282,,,
12,Float,105302,91303,-13999,,,
12,Float,105302,53533,-51769,,,
12,String,44295,44279,-16,29.634861,476.514319,57728.000000
12,String,44295,44254,-41,29.587924,476.643527,57728.000000
12,String,44295,44127,-168,29.341854,477.303125,57728.000000
12,Array,2059,2002,-57,9.080420,43.413347,510.000000
12,Array,2059,2000,-59,9.140500,43.507691,510.000000
12,Array,2059,2605,546,7.439539,38.229126,510.000000
12,Proc,469,457,-12,,,
12,Proc,469,457,-12,,,
12,Proc,469,457,-12,,,
12,Hash,260,258,-2,18.833333,60.995944,519.000000
12,Hash,260,258,-2,18.844961,61.013675,519.000000
12,Hash,260,256,-4,18.980469,61.254048,519.000000
12,Time,135,155,20,,,
12,Time,135,160,25,,,
12,Time,135,166,31,,,
12,Mongrel::Stats,38,64,26,,,
12,Mongrel::Stats,38,70,32,,,
12,Mongrel::Stats,38,75,37,,,
12,Bignum,14,32,18,,,
12,Bignum,14,38,24,,,
12,Bignum,14,32,18,,,
15,Float,53533,145718,92185,,,
15,String,44127,45309,1182,29.793529,471.242219,57728.000000
15,Array,2605,4827,2222,4.805676,28.412339,510.000000
15,Regexp,1142,1144,2,,,
15,Proc,457,599,142,,,
15,Hash,256,284,28,18.035211,58.778787,519.000000
15,Time,166,221,55,,,
15,Range,169,171,2,,,
15,YAML::Syck::Scalar,24,162,138,,,
15,Mongrel::Stats,75,94,19,,,
15,Bignum,32,37,5,,,
15,StringIO,15,18,3,3251.555556,13595.752504,57728.000000
15,Thread,10,13,3,,,
15,TCPSocket,7,11,4,,,
16,Float,145718,297184,151466,,,
16,String,45309,46117,808,30.108398,467.272475,57728.000000
16,Array,4827,6154,1327,4.110335,25.266324,510.000000
16,Regexp,1144,1147,3,,,
16,Proc,599,698,99,,,
16,Hash,284,305,21,17.488525,57.128842,519.000000
16,Time,221,261,40,,,
16,YAML::Syck::Scalar,162,258,96,,,
16,Range,171,174,3,,,
16,Mongrel::Stats,94,113,19,,,
16,Bignum,37,55,18,,,
16,StringIO,18,21,3,2800.380952,12585.760567,57728.000000
16,Thread,13,14,1,,,
16,TCPSocket,11,13,2,,,
16,File,10,12,2,,,
17,Float,297184,315128,17944,,,
17,String,46117,44577,-1540,29.898647,475.482296,57728.000000
17,Float,297184,328021,30837,,,
17,Array,6154,2146,-4008,8.778192,42.240969,510.000000
17,String,46117,44645,-1472,30.026386,475.132804,57728.000000
17,Regexp,1147,1142,-5,,,
17,Array,6154,2150,-4004,8.792558,42.208624,510.000000
17,Class,985,987,2,,,
17,Regexp,1147,1142,-5,,,
17,Proc,698,457,-241,,,
17,Class,985,987,2,,,
17,Module,379,384,5,,,
17,Proc,698,457,-241,,,
17,Float,297184,338003,40819,,,
17,Hash,305,275,-30,17.320000,58.771668,519.000000
17,Module,379,384,5,,,
17,String,46117,44647,-1470,30.025310,475.122189,57728.000000
17,Range,174,169,-5,,,
17,Hash,305,275,-30,17.414545,58.877230,519.000000
17,Array,6154,2151,-4003,8.788935,42.199141,510.000000
17,Time,261,157,-104,,,
17,Range,174,169,-5,,,
17,Regexp,1147,1142,-5,,,
17,Mongrel::Stats,113,70,-43,,,
17,Time,261,161,-100,,,
17,Class,985,987,2,,,
17,Set,20,21,1,58.571429,151.737132,519.000000
17,Mongrel::Stats,113,74,-39,,,
17,Proc,698,457,-241,,,
17,Bignum,55,20,-35,,,
17,Set,20,21,1,58.571429,151.737132,519.000000
17,Module,379,384,5,,,
17,StringIO,21,15,-6,4077.200000,14859.385688,57728.000000
17,Bignum,55,20,-35,,,
17,Hash,305,275,-30,17.494545,58.998971,519.000000
17,YAML::Syck::Scalar,258,12,-246,,,
17,StringIO,21,15,-6,4077.200000,14859.385688,57728.000000
17,Range,174,169,-5,,,
19,Time,161,163,2,,,
19,Mongrel::Stats,74,76,2,,,
20,Float,338003,89151,-248852,,,
20,String,44647,44336,-311,29.464724,476.174089,57728.000000
20,Array,2151,1994,-157,9.195587,43.693521,510.000000
20,Hash,275,246,-29,17.947154,61.398342,519.000000
20,Time,163,100,-63,,,
20,Mongrel::Stats,76,18,-58,,,
20,Bignum,20,14,-6,,,
21,Float,89151,229146,139995,,,
21,String,44336,44839,503,30.938692,492.975976,57728.000000
21,Array,1994,2936,942,6.816076,36.261048,510.000000
21,Regexp,1142,1143,1,,,
21,Proc,457,513,56,,,
21,Hash,246,263,17,17.589354,59.938380,519.000000
21,Range,169,170,1,,,
21,Time,100,135,35,,,
21,YAML::Syck::Scalar,12,66,54,,,
21,Mongrel::Stats,18,37,19,,,
21,Bignum,14,28,14,,,
22,Float,229146,355539,126393,,,
22,String,44839,45224,385,32.206218,510.329963,57728.000000
22,Array,2936,3915,979,5.530524,31.544241,510.000000
22,Regexp,1143,1144,1,,,
22,Proc,513,569,56,,,
22,Hash,263,278,15,17.298561,58.711318,519.000000
22,Range,170,171,1,,,
22,Time,135,170,35,,,
22,YAML::Syck::Scalar,66,120,54,,,
22,Mongrel::Stats,37,56,19,,,
22,Bignum,28,36,8,,,
22,StringIO,9,12,3,4862.666667,16648.496560,57728.000000
22,File,10,11,1,,,
23,Float,355539,94779,-260760,,,
23,String,45224,44328,-896,29.625271,476.252913,57728.000000
23,Float,355539,96448,-259091,,,
23,Array,3915,1997,-1918,9.100150,43.465809,510.000000
23,String,45224,44538,-686,30.019916,475.170452,57728.000000
23,Regexp,1144,1142,-2,,,
23,Float,355539,107121,-248418,,,
23,Array,3915,2012,-1903,9.135686,43.321379,510.000000
23,Class,987,985,-2,,,
23,String,45224,44575,-649,30.157487,474.985736,57728.000000
23,Regexp,1144,1142,-2,,,
23,Proc,569,458,-111,,,
23,Array,3915,2014,-1901,9.158888,43.306135,510.000000
23,Class,987,985,-2,,,
23,Float,355539,114822,-240717,,,
23,Module,384,379,-5,,,
23,Regexp,1144,1142,-2,,,
23,Proc,569,458,-111,,,
23,String,45224,44702,-522,30.393674,474.334824,57728.000000
23,Hash,278,263,-15,18.471483,60.372240,519.000000
23,Class,987,985,-2,,,
23,Module,384,379,-5,,,
23,Array,3915,2021,-1894,9.189015,43.242202,510.000000
23,Range,171,169,-2,,,
23,Proc,569,456,-113,,,
23,Hash,278,267,-11,18.314607,60.042578,519.000000
23,Regexp,1144,1142,-2,,,
23,Time,170,150,-20,,,
23,Module,384,379,-5,,,
23,Range,171,169,-2,,,
23,Class,987,985,-2,,,
23,Mongrel::Stats,56,59,3,,,
23,Hash,278,261,-17,18.704981,60.718971,519.000000
23,Time,170,156,-14,,,
23,Proc,569,456,-113,,,
23,YAML::Syck::Scalar,120,36,-84,,,
23,Range,171,169,-2,,,
23,Mongrel::Stats,56,65,9,,,
23,Module,384,379,-5,,,
23,Bignum,36,26,-10,,,
23,Time,170,157,-13,,,
23,YAML::Syck::Scalar,120,36,-84,,,
23,Hash,278,263,-15,18.585551,60.502786,519.000000
23,Set,21,20,-1,61.400000,155.109944,519.000000
23,Mongrel::Stats,56,69,13,,,
23,Bignum,36,26,-10,,,
23,Range,171,169,-2,,,
23,StringIO,12,18,6,3238.722222,13598.901131,57728.000000
23,Bignum,36,32,-4,,,
23,Set,21,20,-1,61.400000,155.109944,519.000000
23,Time,170,160,-10,,,
24,YAML::Syck::Scalar,36,12,-24,,,
25,Mongrel::Stats,65,73,8,,,
27,Float,114822,224015,109193,,,
27,Float,114822,231423,116601,,,
27,String,44702,44425,-277,29.785549,475.768103,57728.000000
27,String,44702,45366,664,29.661046,470.969194,57728.000000
27,Array,2021,2025,4,9.003951,43.169282,510.000000
27,Array,2021,3230,1209,5.947059,34.480958,510.000000
27,Regexp,1142,1143,1,,,
27,Regexp,1142,1146,4,,,
27,Hash,263,260,-3,18.796154,60.838865,519.000000
27,Proc,456,646,190,,,
27,Range,169,170,1,,,
27,Hash,263,285,22,17.424561,58.295979,519.000000
27,Time,160,169,9,,,
27,YAML::Syck::Scalar,12,197,185,,,
27,Mongrel::Stats,73,75,2,,,
27,Time,160,190,30,,,
27,StringIO,18,24,6,2452.291667,11773.934337,57728.000000
27,Range,169,173,4,,,
27,Bignum,32,16,-16,,,
27,Mongrel::Stats,73,71,-2,,,
28,Bignum,16,28,12,,,
29,Float,231423,141627,-89796,,,
29,String,45366,44825,-541,29.600268,473.688314,57728.000000
29,Array,3230,3778,548,5.602170,31.943072,510.000000
29,Regexp,1146,1144,-2,,,
29,Proc,646,554,-92,,,
29,Hash,285,262,-23,18.229008,60.375843,519.000000
29,Range,173,171,-2,,,
29,Time,190,167,-23,,,
29,YAML::Syck::Scalar,197,96,-101,,,
29,Mongrel::Stats,71,56,-15,,,
29,Bignum,28,31,3,,,
29,StringIO,24,12,-12,4861.083333,16648.984137,57728.000000
29,File,10,11,1,,,
30,Float,141627,146397,4770,,,
30,String,44825,44265,-560,29.810934,476.956700,57728.000000
30,Array,3778,2002,-1776,9.088911,43.414188,510.000000
30,Regexp,1144,1142,-2,,,
30,Proc,554,456,-98,,,
30,Hash,262,251,-11,18.685259,61.262391,519.000000
30,Float,141627,171426,29799,,,
30,Range,171,169,-2,,,
30,Float,141627,176771,35144,,,
30,String,44825,44454,-371,30.156679,475.977970,57728.000000
30,Time,167,157,-10,,,
30,String,44825,44523,-302,30.283921,475.621719,57728.000000
30,Array,3778,2014,-1764,9.126614,43.300764,510.000000
30,Mongrel::Stats,56,70,14,,,
30,Array,3778,2016,-1762,9.149802,43.285553,510.000000
30,Regexp,1144,1142,-2,,,
30,Bignum,31,20,-11,,,
30,Regexp,1144,1142,-2,,,
30,Proc,554,456,-98,,,
30,StringIO,12,15,3,4077.200000,14859.385688,57728.000000
30,Proc,554,456,-98,,,
30,Hash,262,255,-7,18.486275,60.865791,519.000000
31,Hash,251,255,4,18.517647,60.912344,519.000000
31,Time,157,159,2,,,
31,Time,157,159,2,,,
31,Mongrel::Stats,70,73,3,,,
31,Mongrel::Stats,70,73,3,,,
31,Bignum,20,26,6,,,
31,Bignum,20,26,6,,,
33,Float,176771,322747,145976,,,
33,String,44523,44891,368,30.548863,473.712477,57728.000000
33,Array,2016,3839,1823,5.861943,31.737823,510.000000
33,Proc,456,469,13,,,
33,Hash,255,267,12,18.378277,60.049002,519.000000
33,Time,159,194,35,,,
33,Mongrel::Stats,73,94,21,,,
33,Bignum,26,50,24,,,
33,StringIO,15,18,3,3399.722222,13574.473379,57728.000000
33,YAML::Syck::Scalar,0,12,12,,,
34,Float,322747,309307,-13440,,,
34,String,44891,44256,-635,29.758541,476.999959,57728.000000
34,Array,3839,1998,-1841,9.094595,43.455542,510.000000
34,Proc,469,457,-12,,,
34,Float,322747,335345,12598,,,
34,Hash,267,253,-14,17.968379,60.628119,519.000000
34,String,44891,44283,-608,29.804304,476.859893,57728.000000
34,Time,194,132,-62,,,
34,Array,3839,2001,-1838,9.092454,43.424750,510.000000
34,Mongrel::Stats,94,46,-48,,,
34,Proc,469,457,-12,,,
34,Float,322747,345775,23028,,,
34,StringIO,18,15,-3,4077.200000,14859.385688,57728.000000
34,Hash,267,253,-14,18.205534,60.821666,519.000000
34,String,44891,44411,-480,30.041949,476.196757,57728.000000
34,Bignum,50,14,-36,,,
34,Time,194,138,-56,,,
34,Array,3839,2008,-1831,9.123008,43.360211,510.000000
35,Mongrel::Stats,46,52,6,,,
35,Hash,253,255,2,18.188235,60.705983,519.000000
35,Bignum,14,20,6,,,
35,Time,132,140,8,,,
36,Mongrel::Stats,52,54,2,,,
