# Logfile created on Fri Jul 04 16:21:11 -0700 2008 by /
D, [2008-07-04T16:21:11.298358 #1239] DEBUG -- : TRACING ON Fri Jul 04 16:21:11 -0700 2008
Fri Jul 04 16:21:16 -0700 2008 REQUEST /shiny
--- !map:Mongrel::HttpParams 
SERVER_NAME: localhost
PATH_INFO: /shiny
HTTP_ACCEPT_ENCODING: gzip, deflate
HTTP_USER_AGENT: Mozilla/5.0 (Macintosh; U; Intel Mac OS X 10_5_3; en-us) AppleWebKit/525.18 (KHTML, like Gecko) Version/3.1.1 Safari/525.20
SCRIPT_NAME: /
SERVER_PROTOCOL: HTTP/1.1
HTTP_HOST: localhost:3000
HTTP_ACCEPT_LANGUAGE: en-us
HTTP_CACHE_CONTROL: max-age=0
REMOTE_ADDR: 127.0.0.1
SERVER_SOFTWARE: Mongrel 1.1.4
REQUEST_PATH: /shiny
HTTP_COOKIE: _shiny_session=BAh7BzoMY3NyZl9pZCIlYzViMmIzZmU0MzI3NDNiMzA1YmUwM2NkZGRiOGVi%0AZmIiCmZsYXNoSUM6J0FjdGlvbkNvbnRyb2xsZXI6OkZsYXNoOjpGbGFzaEhh%0Ac2h7AAY6CkB1c2VkewA%3D--bd47c77cd9be82d0ad191b28640d0b61709a07f5
HTTP_VERSION: HTTP/1.1
REQUEST_URI: /shiny
SERVER_PORT: "3000"
GATEWAY_INTERFACE: CGI/1.2
HTTP_ACCEPT: text/xml,application/xml,application/xhtml+xml,text/html;q=0.9,text/plain;q=0.8,image/png,*/*;q=0.5
HTTP_CONNECTION: keep-alive
REQUEST_METHOD: GET

Fri Jul 04 16:21:18 -0700 2008 REQUEST /styles/shiny.css
Fri Jul 04 16:21:18 -0700 2008 REQUEST /favicon.ico
--- !map:Mongrel::HttpParams 
SERVER_NAME: localhost
PATH_INFO: /styles/shiny.css
HTTP_ACCEPT_ENCODING: gzip, deflate
HTTP_USER_AGENT: Mozilla/5.0 (Macintosh; U; Intel Mac OS X 10_5_3; en-us) AppleWebKit/525.18 (KHTML, like Gecko) Version/3.1.1 Safari/525.20
SCRIPT_NAME: /
SERVER_PROTOCOL: HTTP/1.1
HTTP_HOST: localhost:3000
HTTP_ACCEPT_LANGUAGE: en-us
HTTP_CACHE_CONTROL: max-age=0
REMOTE_ADDR: 127.0.0.1
SERVER_SOFTWARE: Mongrel 1.1.4
REQUEST_PATH: /styles/shiny.css
HTTP_REFERER: http://localhost:3000/shiny
HTTP_COOKIE: _shiny_session=BAh7BzoMY3NyZl9pZCIlYzViMmIzZmU0MzI3NDNiMzA1YmUwM2NkZGRiOGVi%0AZmIiCmZsYXNoSUM6J0FjdGlvbkNvbnRyb2xsZXI6OkZsYXNoOjpGbGFzaEhh%0Ac2h7AAY6CkB1c2VkewA%3D--bd47c77cd9be82d0ad191b28640d0b61709a07f5
HTTP_VERSION: HTTP/1.1
REQUEST_URI: /styles/shiny.css
SERVER_PORT: "3000"
GATEWAY_INTERFACE: CGI/1.2
HTTP_ACCEPT: text/css,*/*;q=0.1
HTTP_CONNECTION: keep-alive
REQUEST_METHOD: GET

--- !map:Mongrel::HttpParams 
SERVER_NAME: localhost
PATH_INFO: /favicon.ico
HTTP_ACCEPT_ENCODING: gzip, deflate
HTTP_USER_AGENT: Mozilla/5.0 (Macintosh; U; Intel Mac OS X 10_5_3; en-us) AppleWebKit/525.18 (KHTML, like Gecko) Version/3.1.1 Safari/525.20
SCRIPT_NAME: /
SERVER_PROTOCOL: HTTP/1.1
HTTP_HOST: localhost:3000
HTTP_ACCEPT_LANGUAGE: en-us
HTTP_CACHE_CONTROL: max-age=0
REMOTE_ADDR: 127.0.0.1
SERVER_SOFTWARE: Mongrel 1.1.4
REQUEST_PATH: /favicon.ico
HTTP_REFERER: http://localhost:3000/shiny
HTTP_COOKIE: _shiny_session=BAh7BzoMY3NyZl9pZCIlYzViMmIzZmU0MzI3NDNiMzA1YmUwM2NkZGRiOGVi%0AZmIiCmZsYXNoSUM6J0FjdGlvbkNvbnRyb2xsZXI6OkZsYXNoOjpGbGFzaEhh%0Ac2h7AAY6CkB1c2VkewA%3D--bd47c77cd9be82d0ad191b28640d0b61709a07f5
HTTP_VERSION: HTTP/1.1
REQUEST_URI: /favicon.ico
SERVER_PORT: "3000"
GATEWAY_INTERFACE: CGI/1.2
HTTP_ACCEPT: "*/*"
HTTP_CONNECTION: keep-alive
REQUEST_METHOD: GET

Fri Jul 04 16:21:18 -0700 2008 REQUEST /source/contrib/prototype.js
--- !map:Mongrel::HttpParams 
SERVER_NAME: localhost
PATH_INFO: /source/contrib/prototype.js
HTTP_ACCEPT_ENCODING: gzip, deflate
HTTP_USER_AGENT: Mozilla/5.0 (Macintosh; U; Intel Mac OS X 10_5_3; en-us) AppleWebKit/525.18 (KHTML, like Gecko) Version/3.1.1 Safari/525.20
SCRIPT_NAME: /
SERVER_PROTOCOL: HTTP/1.1
HTTP_HOST: localhost:3000
HTTP_ACCEPT_LANGUAGE: en-us
HTTP_CACHE_CONTROL: max-age=0
REMOTE_ADDR: 127.0.0.1
SERVER_SOFTWARE: Mongrel 1.1.4
REQUEST_PATH: /source/contrib/prototype.js
HTTP_REFERER: http://localhost:3000/shiny
HTTP_COOKIE: _shiny_session=BAh7BzoMY3NyZl9pZCIlYzViMmIzZmU0MzI3NDNiMzA1YmUwM2NkZGRiOGVi%0AZmIiCmZsYXNoSUM6J0FjdGlvbkNvbnRyb2xsZXI6OkZsYXNoOjpGbGFzaEhh%0Ac2h7AAY6CkB1c2VkewA%3D--bd47c77cd9be82d0ad191b28640d0b61709a07f5
HTTP_VERSION: HTTP/1.1
REQUEST_URI: /source/contrib/prototype.js
SERVER_PORT: "3000"
GATEWAY_INTERFACE: CGI/1.2
HTTP_ACCEPT: "*/*"
HTTP_CONNECTION: keep-alive
REQUEST_METHOD: GET

Fri Jul 04 16:21:19 -0700 2008 REQUEST /source/contrib/effects.js
--- !map:Mongrel::HttpParams 
SERVER_NAME: localhost
PATH_INFO: /source/contrib/effects.js
HTTP_ACCEPT_ENCODING: gzip, deflate
HTTP_USER_AGENT: Mozilla/5.0 (Macintosh; U; Intel Mac OS X 10_5_3; en-us) AppleWebKit/525.18 (KHTML, like Gecko) Version/3.1.1 Safari/525.20
SCRIPT_NAME: /
SERVER_PROTOCOL: HTTP/1.1
HTTP_HOST: localhost:3000
HTTP_ACCEPT_LANGUAGE: en-us
HTTP_CACHE_CONTROL: max-age=0
REMOTE_ADDR: 127.0.0.1
SERVER_SOFTWARE: Mongrel 1.1.4
REQUEST_PATH: /source/contrib/effects.js
HTTP_REFERER: http://localhost:3000/shiny
HTTP_COOKIE: _shiny_session=BAh7BzoMY3NyZl9pZCIlYzViMmIzZmU0MzI3NDNiMzA1YmUwM2NkZGRiOGVi%0AZmIiCmZsYXNoSUM6J0FjdGlvbkNvbnRyb2xsZXI6OkZsYXNoOjpGbGFzaEhh%0Ac2h7AAY6CkB1c2VkewA%3D--bd47c77cd9be82d0ad191b28640d0b61709a07f5
HTTP_VERSION: HTTP/1.1
REQUEST_URI: /source/contrib/effects.js
SERVER_PORT: "3000"
GATEWAY_INTERFACE: CGI/1.2
HTTP_ACCEPT: "*/*"
HTTP_CONNECTION: keep-alive
REQUEST_METHOD: GET

Fri Jul 04 16:21:21 -0700 2008 REQUEST /source/contrib/dragdrop.js
--- !map:Mongrel::HttpParams 
SERVER_NAME: localhost
PATH_INFO: /source/contrib/dragdrop.js
HTTP_ACCEPT_ENCODING: gzip, deflate
HTTP_USER_AGENT: Mozilla/5.0 (Macintosh; U; Intel Mac OS X 10_5_3; en-us) AppleWebKit/525.18 (KHTML, like Gecko) Version/3.1.1 Safari/525.20
SCRIPT_NAME: /
SERVER_PROTOCOL: HTTP/1.1
HTTP_HOST: localhost:3000
HTTP_ACCEPT_LANGUAGE: en-us
HTTP_CACHE_CONTROL: max-age=0
REMOTE_ADDR: 127.0.0.1
SERVER_SOFTWARE: Mongrel 1.1.4
REQUEST_PATH: /source/contrib/dragdrop.js
HTTP_REFERER: http://localhost:3000/shiny
HTTP_COOKIE: _shiny_session=BAh7BzoMY3NyZl9pZCIlYzViMmIzZmU0MzI3NDNiMzA1YmUwM2NkZGRiOGVi%0AZmIiCmZsYXNoSUM6J0FjdGlvbkNvbnRyb2xsZXI6OkZsYXNoOjpGbGFzaEhh%0Ac2h7AAY6CkB1c2VkewA%3D--bd47c77cd9be82d0ad191b28640d0b61709a07f5
HTTP_VERSION: HTTP/1.1
REQUEST_URI: /source/contrib/dragdrop.js
SERVER_PORT: "3000"
GATEWAY_INTERFACE: CGI/1.2
HTTP_ACCEPT: "*/*"
HTTP_CONNECTION: keep-alive
REQUEST_METHOD: GET

Fri Jul 04 16:21:21 -0700 2008 REQUEST /source/shiny.js
--- !map:Mongrel::HttpParams 
SERVER_NAME: localhost
PATH_INFO: /source/shiny.js
HTTP_ACCEPT_ENCODING: gzip, deflate
HTTP_USER_AGENT: Mozilla/5.0 (Macintosh; U; Intel Mac OS X 10_5_3; en-us) AppleWebKit/525.18 (KHTML, like Gecko) Version/3.1.1 Safari/525.20
SCRIPT_NAME: /
SERVER_PROTOCOL: HTTP/1.1
HTTP_HOST: localhost:3000
HTTP_ACCEPT_LANGUAGE: en-us
HTTP_CACHE_CONTROL: max-age=0
REMOTE_ADDR: 127.0.0.1
SERVER_SOFTWARE: Mongrel 1.1.4
REQUEST_PATH: /source/shiny.js
HTTP_REFERER: http://localhost:3000/shiny
HTTP_COOKIE: _shiny_session=BAh7BzoMY3NyZl9pZCIlYzViMmIzZmU0MzI3NDNiMzA1YmUwM2NkZGRiOGVi%0AZmIiCmZsYXNoSUM6J0FjdGlvbkNvbnRyb2xsZXI6OkZsYXNoOjpGbGFzaEhh%0Ac2h7AAY6CkB1c2VkewA%3D--bd47c77cd9be82d0ad191b28640d0b61709a07f5
HTTP_VERSION: HTTP/1.1
REQUEST_URI: /source/shiny.js
SERVER_PORT: "3000"
GATEWAY_INTERFACE: CGI/1.2
HTTP_ACCEPT: "*/*"
HTTP_CONNECTION: keep-alive
REQUEST_METHOD: GET

Fri Jul 04 16:21:25 -0700 2008 REQUEST /images/checkbox-active.png
--- !map:Mongrel::HttpParams 
SERVER_NAME: localhost
PATH_INFO: /images/checkbox-active.png
HTTP_ACCEPT_ENCODING: gzip, deflate
HTTP_USER_AGENT: Mozilla/5.0 (Macintosh; U; Intel Mac OS X 10_5_3; en-us) AppleWebKit/525.18 (KHTML, like Gecko) Version/3.1.1 Safari/525.20
SCRIPT_NAME: /
SERVER_PROTOCOL: HTTP/1.1
HTTP_HOST: localhost:3000
HTTP_ACCEPT_LANGUAGE: en-us
HTTP_CACHE_CONTROL: max-age=0
REMOTE_ADDR: 127.0.0.1
SERVER_SOFTWARE: Mongrel 1.1.4
REQUEST_PATH: /images/checkbox-active.png
HTTP_REFERER: http://localhost:3000/shiny
HTTP_COOKIE: _shiny_session=BAh7BzoMY3NyZl9pZCIlYzViMmIzZmU0MzI3NDNiMzA1YmUwM2NkZGRiOGVi%0AZmIiCmZsYXNoSUM6J0FjdGlvbkNvbnRyb2xsZXI6OkZsYXNoOjpGbGFzaEhh%0Ac2h7AAY6CkB1c2VkewA%3D--bd47c77cd9be82d0ad191b28640d0b61709a07f5
HTTP_VERSION: HTTP/1.1
REQUEST_URI: /images/checkbox-active.png
SERVER_PORT: "3000"
GATEWAY_INTERFACE: CGI/1.2
HTTP_ACCEPT: "*/*"
HTTP_CONNECTION: keep-alive
REQUEST_METHOD: GET

Fri Jul 04 16:21:25 -0700 2008 REQUEST /images/radio-active.png
--- !map:Mongrel::HttpParams 
SERVER_NAME: localhost
PATH_INFO: /images/radio-active.png
HTTP_ACCEPT_ENCODING: gzip, deflate
HTTP_USER_AGENT: Mozilla/5.0 (Macintosh; U; Intel Mac OS X 10_5_3; en-us) AppleWebKit/525.18 (KHTML, like Gecko) Version/3.1.1 Safari/525.20
SCRIPT_NAME: /
SERVER_PROTOCOL: HTTP/1.1
HTTP_HOST: localhost:3000
HTTP_ACCEPT_LANGUAGE: en-us
HTTP_CACHE_CONTROL: max-age=0
REMOTE_ADDR: 127.0.0.1
SERVER_SOFTWARE: Mongrel 1.1.4
REQUEST_PATH: /images/radio-active.png
HTTP_REFERER: http://localhost:3000/shiny
HTTP_COOKIE: _shiny_session=BAh7BzoMY3NyZl9pZCIlYzViMmIzZmU0MzI3NDNiMzA1YmUwM2NkZGRiOGVi%0AZmIiCmZsYXNoSUM6J0FjdGlvbkNvbnRyb2xsZXI6OkZsYXNoOjpGbGFzaEhh%0Ac2h7AAY6CkB1c2VkewA%3D--bd47c77cd9be82d0ad191b28640d0b61709a07f5
HTTP_VERSION: HTTP/1.1
REQUEST_URI: /images/radio-active.png
SERVER_PORT: "3000"
GATEWAY_INTERFACE: CGI/1.2
HTTP_ACCEPT: "*/*"
HTTP_CONNECTION: keep-alive
REQUEST_METHOD: GET

Fri Jul 04 16:21:25 -0700 2008 REQUEST /images/arrow-open.png
--- !map:Mongrel::HttpParams 
SERVER_NAME: localhost
PATH_INFO: /images/arrow-open.png
HTTP_ACCEPT_ENCODING: gzip, deflate
HTTP_USER_AGENT: Mozilla/5.0 (Macintosh; U; Intel Mac OS X 10_5_3; en-us) AppleWebKit/525.18 (KHTML, like Gecko) Version/3.1.1 Safari/525.20
SCRIPT_NAME: /
SERVER_PROTOCOL: HTTP/1.1
HTTP_HOST: localhost:3000
HTTP_ACCEPT_LANGUAGE: en-us
HTTP_CACHE_CONTROL: max-age=0
REMOTE_ADDR: 127.0.0.1
SERVER_SOFTWARE: Mongrel 1.1.4
REQUEST_PATH: /images/arrow-open.png
HTTP_REFERER: http://localhost:3000/shiny
HTTP_COOKIE: _shiny_session=BAh7BzoMY3NyZl9pZCIlYzViMmIzZmU0MzI3NDNiMzA1YmUwM2NkZGRiOGVi%0AZmIiCmZsYXNoSUM6J0FjdGlvbkNvbnRyb2xsZXI6OkZsYXNoOjpGbGFzaEhh%0Ac2h7AAY6CkB1c2VkewA%3D--bd47c77cd9be82d0ad191b28640d0b61709a07f5
HTTP_VERSION: HTTP/1.1
REQUEST_URI: /images/arrow-open.png
SERVER_PORT: "3000"
GATEWAY_INTERFACE: CGI/1.2
HTTP_ACCEPT: "*/*"
HTTP_CONNECTION: keep-alive
REQUEST_METHOD: GET

Fri Jul 04 16:21:26 -0700 2008 REQUEST /images/arrow-open-red.png
--- !map:Mongrel::HttpParams 
SERVER_NAME: localhost
PATH_INFO: /images/arrow-open-red.png
HTTP_ACCEPT_ENCODING: gzip, deflate
HTTP_USER_AGENT: Mozilla/5.0 (Macintosh; U; Intel Mac OS X 10_5_3; en-us) AppleWebKit/525.18 (KHTML, like Gecko) Version/3.1.1 Safari/525.20
SCRIPT_NAME: /
SERVER_PROTOCOL: HTTP/1.1
HTTP_HOST: localhost:3000
HTTP_ACCEPT_LANGUAGE: en-us
HTTP_CACHE_CONTROL: max-age=0
REMOTE_ADDR: 127.0.0.1
SERVER_SOFTWARE: Mongrel 1.1.4
REQUEST_PATH: /images/arrow-open-red.png
HTTP_REFERER: http://localhost:3000/shiny
HTTP_COOKIE: _shiny_session=BAh7BzoMY3NyZl9pZCIlYzViMmIzZmU0MzI3NDNiMzA1YmUwM2NkZGRiOGVi%0AZmIiCmZsYXNoSUM6J0FjdGlvbkNvbnRyb2xsZXI6OkZsYXNoOjpGbGFzaEhh%0Ac2h7AAY6CkB1c2VkewA%3D--bd47c77cd9be82d0ad191b28640d0b61709a07f5
HTTP_VERSION: HTTP/1.1
REQUEST_URI: /images/arrow-open-red.png
SERVER_PORT: "3000"
GATEWAY_INTERFACE: CGI/1.2
HTTP_ACCEPT: "*/*"
HTTP_CONNECTION: keep-alive
REQUEST_METHOD: GET

Fri Jul 04 16:21:28 -0700 2008 REQUEST /images/button-right.png
--- !map:Mongrel::HttpParams 
SERVER_NAME: localhost
PATH_INFO: /images/button-right.png
HTTP_ACCEPT_ENCODING: gzip, deflate
HTTP_USER_AGENT: Mozilla/5.0 (Macintosh; U; Intel Mac OS X 10_5_3; en-us) AppleWebKit/525.18 (KHTML, like Gecko) Version/3.1.1 Safari/525.20
SCRIPT_NAME: /
SERVER_PROTOCOL: HTTP/1.1
HTTP_HOST: localhost:3000
HTTP_ACCEPT_LANGUAGE: en-us
HTTP_CACHE_CONTROL: max-age=0
REMOTE_ADDR: 127.0.0.1
SERVER_SOFTWARE: Mongrel 1.1.4
REQUEST_PATH: /images/button-right.png
HTTP_REFERER: http://localhost:3000/shiny
HTTP_COOKIE: _shiny_session=BAh7BzoMY3NyZl9pZCIlYzViMmIzZmU0MzI3NDNiMzA1YmUwM2NkZGRiOGVi%0AZmIiCmZsYXNoSUM6J0FjdGlvbkNvbnRyb2xsZXI6OkZsYXNoOjpGbGFzaEhh%0Ac2h7AAY6CkB1c2VkewA%3D--bd47c77cd9be82d0ad191b28640d0b61709a07f5
HTTP_VERSION: HTTP/1.1
REQUEST_URI: /images/button-right.png
SERVER_PORT: "3000"
GATEWAY_INTERFACE: CGI/1.2
HTTP_ACCEPT: "*/*"
HTTP_CONNECTION: keep-alive
REQUEST_METHOD: GET

Fri Jul 04 16:21:28 -0700 2008 REQUEST /images/blank.png
--- !map:Mongrel::HttpParams 
SERVER_NAME: localhost
PATH_INFO: /images/blank.png
HTTP_ACCEPT_ENCODING: gzip, deflate
HTTP_USER_AGENT: Mozilla/5.0 (Macintosh; U; Intel Mac OS X 10_5_3; en-us) AppleWebKit/525.18 (KHTML, like Gecko) Version/3.1.1 Safari/525.20
SCRIPT_NAME: /
SERVER_PROTOCOL: HTTP/1.1
HTTP_HOST: localhost:3000
HTTP_ACCEPT_LANGUAGE: en-us
HTTP_CACHE_CONTROL: max-age=0
REMOTE_ADDR: 127.0.0.1
SERVER_SOFTWARE: Mongrel 1.1.4
REQUEST_PATH: /images/blank.png
HTTP_REFERER: http://localhost:3000/shiny
HTTP_COOKIE: _shiny_session=BAh7BzoMY3NyZl9pZCIlYzViMmIzZmU0MzI3NDNiMzA1YmUwM2NkZGRiOGVi%0AZmIiCmZsYXNoSUM6J0FjdGlvbkNvbnRyb2xsZXI6OkZsYXNoOjpGbGFzaEhh%0Ac2h7AAY6CkB1c2VkewA%3D--bd47c77cd9be82d0ad191b28640d0b61709a07f5
HTTP_VERSION: HTTP/1.1
REQUEST_URI: /images/blank.png
SERVER_PORT: "3000"
GATEWAY_INTERFACE: CGI/1.2
HTTP_ACCEPT: "*/*"
HTTP_CONNECTION: keep-alive
REQUEST_METHOD: GET

Fri Jul 04 16:21:28 -0700 2008 REQUEST /images/arrow-closed.png
Fri Jul 04 16:21:28 -0700 2008 REQUEST /images/arrow-down.png
--- !map:Mongrel::HttpParams 
SERVER_NAME: localhost
PATH_INFO: /images/arrow-closed.png
HTTP_ACCEPT_ENCODING: gzip, deflate
HTTP_USER_AGENT: Mozilla/5.0 (Macintosh; U; Intel Mac OS X 10_5_3; en-us) AppleWebKit/525.18 (KHTML, like Gecko) Version/3.1.1 Safari/525.20
SCRIPT_NAME: /
SERVER_PROTOCOL: HTTP/1.1
HTTP_HOST: localhost:3000
HTTP_ACCEPT_LANGUAGE: en-us
HTTP_CACHE_CONTROL: max-age=0
REMOTE_ADDR: 127.0.0.1
SERVER_SOFTWARE: Mongrel 1.1.4
REQUEST_PATH: /images/arrow-closed.png
HTTP_REFERER: http://localhost:3000/shiny
HTTP_COOKIE: _shiny_session=BAh7BzoMY3NyZl9pZCIlYzViMmIzZmU0MzI3NDNiMzA1YmUwM2NkZGRiOGVi%0AZmIiCmZsYXNoSUM6J0FjdGlvbkNvbnRyb2xsZXI6OkZsYXNoOjpGbGFzaEhh%0Ac2h7AAY6CkB1c2VkewA%3D--bd47c77cd9be82d0ad191b28640d0b61709a07f5
HTTP_VERSION: HTTP/1.1
REQUEST_URI: /images/arrow-closed.png
SERVER_PORT: "3000"
GATEWAY_INTERFACE: CGI/1.2
HTTP_ACCEPT: "*/*"
HTTP_CONNECTION: keep-alive
REQUEST_METHOD: GET

--- !map:Mongrel::HttpParams 
SERVER_NAME: localhost
PATH_INFO: /images/arrow-down.png
HTTP_ACCEPT_ENCODING: gzip, deflate
HTTP_USER_AGENT: Mozilla/5.0 (Macintosh; U; Intel Mac OS X 10_5_3; en-us) AppleWebKit/525.18 (KHTML, like Gecko) Version/3.1.1 Safari/525.20
SCRIPT_NAME: /
SERVER_PROTOCOL: HTTP/1.1
HTTP_HOST: localhost:3000
HTTP_ACCEPT_LANGUAGE: en-us
HTTP_CACHE_CONTROL: max-age=0
REMOTE_ADDR: 127.0.0.1
SERVER_SOFTWARE: Mongrel 1.1.4
REQUEST_PATH: /images/arrow-down.png
HTTP_REFERER: http://localhost:3000/shiny
HTTP_COOKIE: _shiny_session=BAh7BzoMY3NyZl9pZCIlYzViMmIzZmU0MzI3NDNiMzA1YmUwM2NkZGRiOGVi%0AZmIiCmZsYXNoSUM6J0FjdGlvbkNvbnRyb2xsZXI6OkZsYXNoOjpGbGFzaEhh%0Ac2h7AAY6CkB1c2VkewA%3D--bd47c77cd9be82d0ad191b28640d0b61709a07f5
HTTP_VERSION: HTTP/1.1
REQUEST_URI: /images/arrow-down.png
SERVER_PORT: "3000"
GATEWAY_INTERFACE: CGI/1.2
HTTP_ACCEPT: "*/*"
HTTP_CONNECTION: keep-alive
REQUEST_METHOD: GET

Fri Jul 04 16:21:29 -0700 2008 REQUEST /images/arrow-to-large.png
--- !map:Mongrel::HttpParams 
SERVER_NAME: localhost
PATH_INFO: /images/arrow-to-large.png
HTTP_ACCEPT_ENCODING: gzip, deflate
HTTP_USER_AGENT: Mozilla/5.0 (Macintosh; U; Intel Mac OS X 10_5_3; en-us) AppleWebKit/525.18 (KHTML, like Gecko) Version/3.1.1 Safari/525.20
SCRIPT_NAME: /
SERVER_PROTOCOL: HTTP/1.1
HTTP_HOST: localhost:3000
HTTP_ACCEPT_LANGUAGE: en-us
HTTP_CACHE_CONTROL: max-age=0
REMOTE_ADDR: 127.0.0.1
SERVER_SOFTWARE: Mongrel 1.1.4
REQUEST_PATH: /images/arrow-to-large.png
HTTP_REFERER: http://localhost:3000/shiny
HTTP_COOKIE: _shiny_session=BAh7BzoMY3NyZl9pZCIlYzViMmIzZmU0MzI3NDNiMzA1YmUwM2NkZGRiOGVi%0AZmIiCmZsYXNoSUM6J0FjdGlvbkNvbnRyb2xsZXI6OkZsYXNoOjpGbGFzaEhh%0Ac2h7AAY6CkB1c2VkewA%3D--bd47c77cd9be82d0ad191b28640d0b61709a07f5
HTTP_VERSION: HTTP/1.1
REQUEST_URI: /images/arrow-to-large.png
SERVER_PORT: "3000"
GATEWAY_INTERFACE: CGI/1.2
HTTP_ACCEPT: "*/*"
HTTP_CONNECTION: keep-alive
REQUEST_METHOD: GET

Fri Jul 04 16:21:30 -0700 2008 REQUEST /shiny
--- !map:Mongrel::HttpParams 
SERVER_NAME: localhost
PATH_INFO: /shiny
HTTP_ACCEPT_ENCODING: gzip, deflate
HTTP_USER_AGENT: Mozilla/5.0 (Macintosh; U; Intel Mac OS X 10_5_3; en-us) AppleWebKit/525.18 (KHTML, like Gecko) Version/3.1.1 Safari/525.20
SCRIPT_NAME: /
SERVER_PROTOCOL: HTTP/1.1
HTTP_HOST: localhost:3000
HTTP_ACCEPT_LANGUAGE: en-us
HTTP_CACHE_CONTROL: max-age=0
REMOTE_ADDR: 127.0.0.1
SERVER_SOFTWARE: Mongrel 1.1.4
REQUEST_PATH: /shiny
HTTP_COOKIE: _shiny_session=BAh7BzoMY3NyZl9pZCIlYzViMmIzZmU0MzI3NDNiMzA1YmUwM2NkZGRiOGVi%0AZmIiCmZsYXNoSUM6J0FjdGlvbkNvbnRyb2xsZXI6OkZsYXNoOjpGbGFzaEhh%0Ac2h7AAY6CkB1c2VkewA%3D--bd47c77cd9be82d0ad191b28640d0b61709a07f5
HTTP_VERSION: HTTP/1.1
REQUEST_URI: /shiny
SERVER_PORT: "3000"
GATEWAY_INTERFACE: CGI/1.2
HTTP_ACCEPT: text/xml,application/xml,application/xhtml+xml,text/html;q=0.9,text/plain;q=0.8,image/png,*/*;q=0.5
HTTP_CONNECTION: keep-alive
REQUEST_METHOD: GET

Fri Jul 04 16:21:34 -0700 2008 REQUEST /styles/shiny.css
--- !map:Mongrel::HttpParams 
SERVER_NAME: localhost
PATH_INFO: /styles/shiny.css
HTTP_ACCEPT_ENCODING: gzip, deflate
HTTP_USER_AGENT: Mozilla/5.0 (Macintosh; U; Intel Mac OS X 10_5_3; en-us) AppleWebKit/525.18 (KHTML, like Gecko) Version/3.1.1 Safari/525.20
SCRIPT_NAME: /
SERVER_PROTOCOL: HTTP/1.1
HTTP_HOST: localhost:3000
HTTP_ACCEPT_LANGUAGE: en-us
HTTP_CACHE_CONTROL: max-age=0
REMOTE_ADDR: 127.0.0.1
SERVER_SOFTWARE: Mongrel 1.1.4
REQUEST_PATH: /styles/shiny.css
HTTP_REFERER: http://localhost:3000/shiny
HTTP_COOKIE: _shiny_session=BAh7BzoMY3NyZl9pZCIlYzViMmIzZmU0MzI3NDNiMzA1YmUwM2NkZGRiOGVi%0AZmIiCmZsYXNoSUM6J0FjdGlvbkNvbnRyb2xsZXI6OkZsYXNoOjpGbGFzaEhh%0Ac2h7AAY6CkB1c2VkewA%3D--bd47c77cd9be82d0ad191b28640d0b61709a07f5
HTTP_VERSION: HTTP/1.1
REQUEST_URI: /styles/shiny.css
SERVER_PORT: "3000"
GATEWAY_INTERFACE: CGI/1.2
HTTP_ACCEPT: text/css,*/*;q=0.1
HTTP_CONNECTION: keep-alive
REQUEST_METHOD: GET

Fri Jul 04 16:21:34 -0700 2008 REQUEST /source/contrib/prototype.js
Fri Jul 04 16:21:34 -0700 2008 REQUEST /favicon.ico
--- !map:Mongrel::HttpParams 
SERVER_NAME: localhost
PATH_INFO: /source/contrib/prototype.js
HTTP_ACCEPT_ENCODING: gzip, deflate
HTTP_USER_AGENT: Mozilla/5.0 (Macintosh; U; Intel Mac OS X 10_5_3; en-us) AppleWebKit/525.18 (KHTML, like Gecko) Version/3.1.1 Safari/525.20
SCRIPT_NAME: /
SERVER_PROTOCOL: HTTP/1.1
HTTP_HOST: localhost:3000
HTTP_ACCEPT_LANGUAGE: en-us
HTTP_CACHE_CONTROL: max-age=0
REMOTE_ADDR: 127.0.0.1
SERVER_SOFTWARE: Mongrel 1.1.4
REQUEST_PATH: /source/contrib/prototype.js
HTTP_REFERER: http://localhost:3000/shiny
HTTP_COOKIE: _shiny_session=BAh7BzoMY3NyZl9pZCIlYzViMmIzZmU0MzI3NDNiMzA1YmUwM2NkZGRiOGVi%0AZmIiCmZsYXNoSUM6J0FjdGlvbkNvbnRyb2xsZXI6OkZsYXNoOjpGbGFzaEhh%0Ac2h7AAY6CkB1c2VkewA%3D--bd47c77cd9be82d0ad191b28640d0b61709a07f5
HTTP_VERSION: HTTP/1.1
REQUEST_URI: /source/contrib/prototype.js
SERVER_PORT: "3000"
GATEWAY_INTERFACE: CGI/1.2
HTTP_ACCEPT: "*/*"
HTTP_CONNECTION: keep-alive
REQUEST_METHOD: GET

--- !map:Mongrel::HttpParams 
SERVER_NAME: localhost
PATH_INFO: /favicon.ico
HTTP_ACCEPT_ENCODING: gzip, deflate
HTTP_USER_AGENT: Mozilla/5.0 (Macintosh; U; Intel Mac OS X 10_5_3; en-us) AppleWebKit/525.18 (KHTML, like Gecko) Version/3.1.1 Safari/525.20
SCRIPT_NAME: /
SERVER_PROTOCOL: HTTP/1.1
HTTP_HOST: localhost:3000
HTTP_ACCEPT_LANGUAGE: en-us
HTTP_CACHE_CONTROL: max-age=0
REMOTE_ADDR: 127.0.0.1
SERVER_SOFTWARE: Mongrel 1.1.4
REQUEST_PATH: /favicon.ico
HTTP_REFERER: http://localhost:3000/shiny
HTTP_COOKIE: _shiny_session=BAh7BzoMY3NyZl9pZCIlYzViMmIzZmU0MzI3NDNiMzA1YmUwM2NkZGRiOGVi%0AZmIiCmZsYXNoSUM6J0FjdGlvbkNvbnRyb2xsZXI6OkZsYXNoOjpGbGFzaEhh%0Ac2h7AAY6CkB1c2VkewA%3D--bd47c77cd9be82d0ad191b28640d0b61709a07f5
HTTP_VERSION: HTTP/1.1
REQUEST_URI: /favicon.ico
SERVER_PORT: "3000"
GATEWAY_INTERFACE: CGI/1.2
HTTP_ACCEPT: "*/*"
HTTP_CONNECTION: keep-alive
REQUEST_METHOD: GET

Fri Jul 04 16:21:35 -0700 2008 REQUEST /source/contrib/effects.js
--- !map:Mongrel::HttpParams 
SERVER_NAME: localhost
PATH_INFO: /source/contrib/effects.js
HTTP_ACCEPT_ENCODING: gzip, deflate
HTTP_USER_AGENT: Mozilla/5.0 (Macintosh; U; Intel Mac OS X 10_5_3; en-us) AppleWebKit/525.18 (KHTML, like Gecko) Version/3.1.1 Safari/525.20
SCRIPT_NAME: /
SERVER_PROTOCOL: HTTP/1.1
HTTP_HOST: localhost:3000
HTTP_ACCEPT_LANGUAGE: en-us
HTTP_CACHE_CONTROL: max-age=0
REMOTE_ADDR: 127.0.0.1
SERVER_SOFTWARE: Mongrel 1.1.4
REQUEST_PATH: /source/contrib/effects.js
HTTP_REFERER: http://localhost:3000/shiny
HTTP_COOKIE: _shiny_session=BAh7BzoMY3NyZl9pZCIlYzViMmIzZmU0MzI3NDNiMzA1YmUwM2NkZGRiOGVi%0AZmIiCmZsYXNoSUM6J0FjdGlvbkNvbnRyb2xsZXI6OkZsYXNoOjpGbGFzaEhh%0Ac2h7AAY6CkB1c2VkewA%3D--bd47c77cd9be82d0ad191b28640d0b61709a07f5
HTTP_VERSION: HTTP/1.1
REQUEST_URI: /source/contrib/effects.js
SERVER_PORT: "3000"
GATEWAY_INTERFACE: CGI/1.2
HTTP_ACCEPT: "*/*"
HTTP_CONNECTION: keep-alive
REQUEST_METHOD: GET

Fri Jul 04 16:21:36 -0700 2008 REQUEST /source/contrib/dragdrop.js
--- !map:Mongrel::HttpParams 
SERVER_NAME: localhost
PATH_INFO: /source/contrib/dragdrop.js
HTTP_ACCEPT_ENCODING: gzip, deflate
HTTP_USER_AGENT: Mozilla/5.0 (Macintosh; U; Intel Mac OS X 10_5_3; en-us) AppleWebKit/525.18 (KHTML, like Gecko) Version/3.1.1 Safari/525.20
SCRIPT_NAME: /
SERVER_PROTOCOL: HTTP/1.1
HTTP_HOST: localhost:3000
HTTP_ACCEPT_LANGUAGE: en-us
HTTP_CACHE_CONTROL: max-age=0
REMOTE_ADDR: 127.0.0.1
SERVER_SOFTWARE: Mongrel 1.1.4
REQUEST_PATH: /source/contrib/dragdrop.js
HTTP_REFERER: http://localhost:3000/shiny
HTTP_COOKIE: _shiny_session=BAh7BzoMY3NyZl9pZCIlYzViMmIzZmU0MzI3NDNiMzA1YmUwM2NkZGRiOGVi%0AZmIiCmZsYXNoSUM6J0FjdGlvbkNvbnRyb2xsZXI6OkZsYXNoOjpGbGFzaEhh%0Ac2h7AAY6CkB1c2VkewA%3D--bd47c77cd9be82d0ad191b28640d0b61709a07f5
HTTP_VERSION: HTTP/1.1
REQUEST_URI: /source/contrib/dragdrop.js
SERVER_PORT: "3000"
GATEWAY_INTERFACE: CGI/1.2
HTTP_ACCEPT: "*/*"
HTTP_CONNECTION: keep-alive
REQUEST_METHOD: GET

Fri Jul 04 16:21:38 -0700 2008 REQUEST /source/shiny.js
--- !map:Mongrel::HttpParams 
SERVER_NAME: localhost
PATH_INFO: /source/shiny.js
HTTP_ACCEPT_ENCODING: gzip, deflate
HTTP_USER_AGENT: Mozilla/5.0 (Macintosh; U; Intel Mac OS X 10_5_3; en-us) AppleWebKit/525.18 (KHTML, like Gecko) Version/3.1.1 Safari/525.20
SCRIPT_NAME: /
SERVER_PROTOCOL: HTTP/1.1
HTTP_HOST: localhost:3000
HTTP_ACCEPT_LANGUAGE: en-us
HTTP_CACHE_CONTROL: max-age=0
REMOTE_ADDR: 127.0.0.1
SERVER_SOFTWARE: Mongrel 1.1.4
REQUEST_PATH: /source/shiny.js
HTTP_REFERER: http://localhost:3000/shiny
HTTP_COOKIE: _shiny_session=BAh7BzoMY3NyZl9pZCIlYzViMmIzZmU0MzI3NDNiMzA1YmUwM2NkZGRiOGVi%0AZmIiCmZsYXNoSUM6J0FjdGlvbkNvbnRyb2xsZXI6OkZsYXNoOjpGbGFzaEhh%0Ac2h7AAY6CkB1c2VkewA%3D--bd47c77cd9be82d0ad191b28640d0b61709a07f5
HTTP_VERSION: HTTP/1.1
REQUEST_URI: /source/shiny.js
SERVER_PORT: "3000"
GATEWAY_INTERFACE: CGI/1.2
HTTP_ACCEPT: "*/*"
HTTP_CONNECTION: keep-alive
REQUEST_METHOD: GET

Fri Jul 04 16:21:41 -0700 2008 REQUEST /images/arrow-up-blue.png
Fri Jul 04 16:21:41 -0700 2008 REQUEST /images/radio.png
Fri Jul 04 16:21:41 -0700 2008 REQUEST /images/dot-blue.png
--- !map:Mongrel::HttpParams 
SERVER_NAME: localhost
PATH_INFO: /images/arrow-up-blue.png
HTTP_ACCEPT_ENCODING: gzip, deflate
HTTP_USER_AGENT: Mozilla/5.0 (Macintosh; U; Intel Mac OS X 10_5_3; en-us) AppleWebKit/525.18 (KHTML, like Gecko) Version/3.1.1 Safari/525.20
SCRIPT_NAME: /
SERVER_PROTOCOL: HTTP/1.1
HTTP_HOST: localhost:3000
HTTP_ACCEPT_LANGUAGE: en-us
HTTP_CACHE_CONTROL: max-age=0
REMOTE_ADDR: 127.0.0.1
SERVER_SOFTWARE: Mongrel 1.1.4
REQUEST_PATH: /images/arrow-up-blue.png
HTTP_REFERER: http://localhost:3000/shiny
HTTP_COOKIE: _shiny_session=BAh7BzoMY3NyZl9pZCIlYzViMmIzZmU0MzI3NDNiMzA1YmUwM2NkZGRiOGVi%0AZmIiCmZsYXNoSUM6J0FjdGlvbkNvbnRyb2xsZXI6OkZsYXNoOjpGbGFzaEhh%0Ac2h7AAY6CkB1c2VkewA%3D--bd47c77cd9be82d0ad191b28640d0b61709a07f5
HTTP_VERSION: HTTP/1.1
REQUEST_URI: /images/arrow-up-blue.png
SERVER_PORT: "3000"
GATEWAY_INTERFACE: CGI/1.2
HTTP_ACCEPT: "*/*"
HTTP_CONNECTION: keep-alive
REQUEST_METHOD: GET

--- !map:Mongrel::HttpParams 
SERVER_NAME: localhost
PATH_INFO: /images/radio.png
HTTP_ACCEPT_ENCODING: gzip, deflate
HTTP_USER_AGENT: Mozilla/5.0 (Macintosh; U; Intel Mac OS X 10_5_3; en-us) AppleWebKit/525.18 (KHTML, like Gecko) Version/3.1.1 Safari/525.20
SCRIPT_NAME: /
SERVER_PROTOCOL: HTTP/1.1
HTTP_HOST: localhost:3000
HTTP_ACCEPT_LANGUAGE: en-us
HTTP_CACHE_CONTROL: max-age=0
REMOTE_ADDR: 127.0.0.1
SERVER_SOFTWARE: Mongrel 1.1.4
REQUEST_PATH: /images/radio.png
HTTP_REFERER: http://localhost:3000/shiny
HTTP_COOKIE: _shiny_session=BAh7BzoMY3NyZl9pZCIlYzViMmIzZmU0MzI3NDNiMzA1YmUwM2NkZGRiOGVi%0AZmIiCmZsYXNoSUM6J0FjdGlvbkNvbnRyb2xsZXI6OkZsYXNoOjpGbGFzaEhh%0Ac2h7AAY6CkB1c2VkewA%3D--bd47c77cd9be82d0ad191b28640d0b61709a07f5
HTTP_VERSION: HTTP/1.1
REQUEST_URI: /images/radio.png
SERVER_PORT: "3000"
GATEWAY_INTERFACE: CGI/1.2
HTTP_ACCEPT: "*/*"
HTTP_CONNECTION: keep-alive
REQUEST_METHOD: GET

Fri Jul 04 16:21:41 -0700 2008 REQUEST /images/arrow-up.png
--- !map:Mongrel::HttpParams 
SERVER_NAME: localhost
PATH_INFO: /images/dot-blue.png
HTTP_ACCEPT_ENCODING: gzip, deflate
HTTP_USER_AGENT: Mozilla/5.0 (Macintosh; U; Intel Mac OS X 10_5_3; en-us) AppleWebKit/525.18 (KHTML, like Gecko) Version/3.1.1 Safari/525.20
SCRIPT_NAME: /
SERVER_PROTOCOL: HTTP/1.1
HTTP_HOST: localhost:3000
HTTP_ACCEPT_LANGUAGE: en-us
HTTP_CACHE_CONTROL: max-age=0
REMOTE_ADDR: 127.0.0.1
SERVER_SOFTWARE: Mongrel 1.1.4
REQUEST_PATH: /images/dot-blue.png
HTTP_REFERER: http://localhost:3000/shiny
HTTP_COOKIE: _shiny_session=BAh7BzoMY3NyZl9pZCIlYzViMmIzZmU0MzI3NDNiMzA1YmUwM2NkZGRiOGVi%0AZmIiCmZsYXNoSUM6J0FjdGlvbkNvbnRyb2xsZXI6OkZsYXNoOjpGbGFzaEhh%0Ac2h7AAY6CkB1c2VkewA%3D--bd47c77cd9be82d0ad191b28640d0b61709a07f5
HTTP_VERSION: HTTP/1.1
REQUEST_URI: /images/dot-blue.png
SERVER_PORT: "3000"
GATEWAY_INTERFACE: CGI/1.2
HTTP_ACCEPT: "*/*"
HTTP_CONNECTION: keep-alive
REQUEST_METHOD: GET

--- !map:Mongrel::HttpParams 
SERVER_NAME: localhost
PATH_INFO: /images/arrow-up.png
HTTP_ACCEPT_ENCODING: gzip, deflate
HTTP_USER_AGENT: Mozilla/5.0 (Macintosh; U; Intel Mac OS X 10_5_3; en-us) AppleWebKit/525.18 (KHTML, like Gecko) Version/3.1.1 Safari/525.20
SCRIPT_NAME: /
SERVER_PROTOCOL: HTTP/1.1
HTTP_HOST: localhost:3000
HTTP_ACCEPT_LANGUAGE: en-us
HTTP_CACHE_CONTROL: max-age=0
REMOTE_ADDR: 127.0.0.1
SERVER_SOFTWARE: Mongrel 1.1.4
REQUEST_PATH: /images/arrow-up.png
HTTP_REFERER: http://localhost:3000/shiny
HTTP_COOKIE: _shiny_session=BAh7BzoMY3NyZl9pZCIlYzViMmIzZmU0MzI3NDNiMzA1YmUwM2NkZGRiOGVi%0AZmIiCmZsYXNoSUM6J0FjdGlvbkNvbnRyb2xsZXI6OkZsYXNoOjpGbGFzaEhh%0Ac2h7AAY6CkB1c2VkewA%3D--bd47c77cd9be82d0ad191b28640d0b61709a07f5
HTTP_VERSION: HTTP/1.1
REQUEST_URI: /images/arrow-up.png
SERVER_PORT: "3000"
GATEWAY_INTERFACE: CGI/1.2
HTTP_ACCEPT: "*/*"
HTTP_CONNECTION: keep-alive
REQUEST_METHOD: GET

Fri Jul 04 16:21:43 -0700 2008 REQUEST /images/arrow-closed-red.png
Fri Jul 04 16:21:43 -0700 2008 REQUEST /images/blank.png
--- !map:Mongrel::HttpParams 
SERVER_NAME: localhost
PATH_INFO: /images/arrow-closed-red.png
HTTP_ACCEPT_ENCODING: gzip, deflate
HTTP_USER_AGENT: Mozilla/5.0 (Macintosh; U; Intel Mac OS X 10_5_3; en-us) AppleWebKit/525.18 (KHTML, like Gecko) Version/3.1.1 Safari/525.20
SCRIPT_NAME: /
SERVER_PROTOCOL: HTTP/1.1
HTTP_HOST: localhost:3000
HTTP_ACCEPT_LANGUAGE: en-us
HTTP_CACHE_CONTROL: max-age=0
REMOTE_ADDR: 127.0.0.1
SERVER_SOFTWARE: Mongrel 1.1.4
REQUEST_PATH: /images/arrow-closed-red.png
HTTP_REFERER: http://localhost:3000/shiny
HTTP_COOKIE: _shiny_session=BAh7BzoMY3NyZl9pZCIlYzViMmIzZmU0MzI3NDNiMzA1YmUwM2NkZGRiOGVi%0AZmIiCmZsYXNoSUM6J0FjdGlvbkNvbnRyb2xsZXI6OkZsYXNoOjpGbGFzaEhh%0Ac2h7AAY6CkB1c2VkewA%3D--bd47c77cd9be82d0ad191b28640d0b61709a07f5
HTTP_VERSION: HTTP/1.1
REQUEST_URI: /images/arrow-closed-red.png
SERVER_PORT: "3000"
GATEWAY_INTERFACE: CGI/1.2
HTTP_ACCEPT: "*/*"
HTTP_CONNECTION: keep-alive
REQUEST_METHOD: GET

--- !map:Mongrel::HttpParams 
SERVER_NAME: localhost
PATH_INFO: /images/blank.png
HTTP_ACCEPT_ENCODING: gzip, deflate
HTTP_USER_AGENT: Mozilla/5.0 (Macintosh; U; Intel Mac OS X 10_5_3; en-us) AppleWebKit/525.18 (KHTML, like Gecko) Version/3.1.1 Safari/525.20
SCRIPT_NAME: /
SERVER_PROTOCOL: HTTP/1.1
HTTP_HOST: localhost:3000
HTTP_ACCEPT_LANGUAGE: en-us
HTTP_CACHE_CONTROL: max-age=0
REMOTE_ADDR: 127.0.0.1
SERVER_SOFTWARE: Mongrel 1.1.4
REQUEST_PATH: /images/blank.png
HTTP_REFERER: http://localhost:3000/shiny
HTTP_COOKIE: _shiny_session=BAh7BzoMY3NyZl9pZCIlYzViMmIzZmU0MzI3NDNiMzA1YmUwM2NkZGRiOGVi%0AZmIiCmZsYXNoSUM6J0FjdGlvbkNvbnRyb2xsZXI6OkZsYXNoOjpGbGFzaEhh%0Ac2h7AAY6CkB1c2VkewA%3D--bd47c77cd9be82d0ad191b28640d0b61709a07f5
HTTP_VERSION: HTTP/1.1
REQUEST_URI: /images/blank.png
SERVER_PORT: "3000"
GATEWAY_INTERFACE: CGI/1.2
HTTP_ACCEPT: "*/*"
HTTP_CONNECTION: keep-alive
REQUEST_METHOD: GET

Fri Jul 04 16:21:43 -0700 2008 REQUEST /shiny
--- !map:Mongrel::HttpParams 
SERVER_NAME: localhost
PATH_INFO: /shiny
HTTP_ACCEPT_ENCODING: gzip, deflate
HTTP_USER_AGENT: Mozilla/5.0 (Macintosh; U; Intel Mac OS X 10_5_3; en-us) AppleWebKit/525.18 (KHTML, like Gecko) Version/3.1.1 Safari/525.20
SCRIPT_NAME: /
SERVER_PROTOCOL: HTTP/1.1
HTTP_HOST: localhost:3000
HTTP_ACCEPT_LANGUAGE: en-us
HTTP_CACHE_CONTROL: max-age=0
REMOTE_ADDR: 127.0.0.1
SERVER_SOFTWARE: Mongrel 1.1.4
REQUEST_PATH: /shiny
HTTP_COOKIE: _shiny_session=BAh7BzoMY3NyZl9pZCIlYzViMmIzZmU0MzI3NDNiMzA1YmUwM2NkZGRiOGVi%0AZmIiCmZsYXNoSUM6J0FjdGlvbkNvbnRyb2xsZXI6OkZsYXNoOjpGbGFzaEhh%0Ac2h7AAY6CkB1c2VkewA%3D--bd47c77cd9be82d0ad191b28640d0b61709a07f5
HTTP_VERSION: HTTP/1.1
REQUEST_URI: /shiny
SERVER_PORT: "3000"
GATEWAY_INTERFACE: CGI/1.2
HTTP_ACCEPT: text/xml,application/xml,application/xhtml+xml,text/html;q=0.9,text/plain;q=0.8,image/png,*/*;q=0.5
HTTP_CONNECTION: keep-alive
REQUEST_METHOD: GET

Fri Jul 04 16:21:47 -0700 2008 REQUEST /styles/shiny.css
--- !map:Mongrel::HttpParams 
SERVER_NAME: localhost
PATH_INFO: /styles/shiny.css
HTTP_ACCEPT_ENCODING: gzip, deflate
HTTP_USER_AGENT: Mozilla/5.0 (Macintosh; U; Intel Mac OS X 10_5_3; en-us) AppleWebKit/525.18 (KHTML, like Gecko) Version/3.1.1 Safari/525.20
SCRIPT_NAME: /
SERVER_PROTOCOL: HTTP/1.1
HTTP_HOST: localhost:3000
HTTP_ACCEPT_LANGUAGE: en-us
HTTP_CACHE_CONTROL: max-age=0
REMOTE_ADDR: 127.0.0.1
SERVER_SOFTWARE: Mongrel 1.1.4
REQUEST_PATH: /styles/shiny.css
HTTP_REFERER: http://localhost:3000/shiny
HTTP_COOKIE: _shiny_session=BAh7BzoMY3NyZl9pZCIlYzViMmIzZmU0MzI3NDNiMzA1YmUwM2NkZGRiOGVi%0AZmIiCmZsYXNoSUM6J0FjdGlvbkNvbnRyb2xsZXI6OkZsYXNoOjpGbGFzaEhh%0Ac2h7AAY6CkB1c2VkewA%3D--bd47c77cd9be82d0ad191b28640d0b61709a07f5
HTTP_VERSION: HTTP/1.1
REQUEST_URI: /styles/shiny.css
SERVER_PORT: "3000"
GATEWAY_INTERFACE: CGI/1.2
HTTP_ACCEPT: text/css,*/*;q=0.1
HTTP_CONNECTION: keep-alive
REQUEST_METHOD: GET

Fri Jul 04 16:21:47 -0700 2008 REQUEST /favicon.ico
Fri Jul 04 16:21:47 -0700 2008 REQUEST /source/contrib/prototype.js
--- !map:Mongrel::HttpParams 
SERVER_NAME: localhost
PATH_INFO: /favicon.ico
HTTP_ACCEPT_ENCODING: gzip, deflate
HTTP_USER_AGENT: Mozilla/5.0 (Macintosh; U; Intel Mac OS X 10_5_3; en-us) AppleWebKit/525.18 (KHTML, like Gecko) Version/3.1.1 Safari/525.20
SCRIPT_NAME: /
SERVER_PROTOCOL: HTTP/1.1
HTTP_HOST: localhost:3000
HTTP_ACCEPT_LANGUAGE: en-us
HTTP_CACHE_CONTROL: max-age=0
REMOTE_ADDR: 127.0.0.1
SERVER_SOFTWARE: Mongrel 1.1.4
REQUEST_PATH: /favicon.ico
HTTP_REFERER: http://localhost:3000/shiny
HTTP_COOKIE: _shiny_session=BAh7BzoMY3NyZl9pZCIlYzViMmIzZmU0MzI3NDNiMzA1YmUwM2NkZGRiOGVi%0AZmIiCmZsYXNoSUM6J0FjdGlvbkNvbnRyb2xsZXI6OkZsYXNoOjpGbGFzaEhh%0Ac2h7AAY6CkB1c2VkewA%3D--bd47c77cd9be82d0ad191b28640d0b61709a07f5
HTTP_VERSION: HTTP/1.1
REQUEST_URI: /favicon.ico
SERVER_PORT: "3000"
GATEWAY_INTERFACE: CGI/1.2
HTTP_ACCEPT: "*/*"
HTTP_CONNECTION: keep-alive
REQUEST_METHOD: GET

--- !map:Mongrel::HttpParams 
SERVER_NAME: localhost
PATH_INFO: /source/contrib/prototype.js
HTTP_ACCEPT_ENCODING: gzip, deflate
HTTP_USER_AGENT: Mozilla/5.0 (Macintosh; U; Intel Mac OS X 10_5_3; en-us) AppleWebKit/525.18 (KHTML, like Gecko) Version/3.1.1 Safari/525.20
SCRIPT_NAME: /
SERVER_PROTOCOL: HTTP/1.1
HTTP_HOST: localhost:3000
HTTP_ACCEPT_LANGUAGE: en-us
HTTP_CACHE_CONTROL: max-age=0
REMOTE_ADDR: 127.0.0.1
SERVER_SOFTWARE: Mongrel 1.1.4
REQUEST_PATH: /source/contrib/prototype.js
HTTP_REFERER: http://localhost:3000/shiny
HTTP_COOKIE: _shiny_session=BAh7BzoMY3NyZl9pZCIlYzViMmIzZmU0MzI3NDNiMzA1YmUwM2NkZGRiOGVi%0AZmIiCmZsYXNoSUM6J0FjdGlvbkNvbnRyb2xsZXI6OkZsYXNoOjpGbGFzaEhh%0Ac2h7AAY6CkB1c2VkewA%3D--bd47c77cd9be82d0ad191b28640d0b61709a07f5
HTTP_VERSION: HTTP/1.1
REQUEST_URI: /source/contrib/prototype.js
SERVER_PORT: "3000"
GATEWAY_INTERFACE: CGI/1.2
HTTP_ACCEPT: "*/*"
HTTP_CONNECTION: keep-alive
REQUEST_METHOD: GET

Fri Jul 04 16:21:48 -0700 2008 REQUEST /shiny
--- !map:Mongrel::HttpParams 
SERVER_NAME: localhost
PATH_INFO: /shiny
HTTP_ACCEPT_ENCODING: gzip, deflate
HTTP_USER_AGENT: Mozilla/5.0 (Macintosh; U; Intel Mac OS X 10_5_3; en-us) AppleWebKit/525.18 (KHTML, like Gecko) Version/3.1.1 Safari/525.20
SCRIPT_NAME: /
SERVER_PROTOCOL: HTTP/1.1
HTTP_HOST: localhost:3000
HTTP_ACCEPT_LANGUAGE: en-us
HTTP_CACHE_CONTROL: max-age=0
REMOTE_ADDR: 127.0.0.1
SERVER_SOFTWARE: Mongrel 1.1.4
REQUEST_PATH: /shiny
HTTP_COOKIE: _shiny_session=BAh7BzoMY3NyZl9pZCIlYzViMmIzZmU0MzI3NDNiMzA1YmUwM2NkZGRiOGVi%0AZmIiCmZsYXNoSUM6J0FjdGlvbkNvbnRyb2xsZXI6OkZsYXNoOjpGbGFzaEhh%0Ac2h7AAY6CkB1c2VkewA%3D--bd47c77cd9be82d0ad191b28640d0b61709a07f5
HTTP_VERSION: HTTP/1.1
REQUEST_URI: /shiny
SERVER_PORT: "3000"
GATEWAY_INTERFACE: CGI/1.2
HTTP_ACCEPT: text/xml,application/xml,application/xhtml+xml,text/html;q=0.9,text/plain;q=0.8,image/png,*/*;q=0.5
HTTP_CONNECTION: keep-alive
REQUEST_METHOD: GET

Fri Jul 04 16:21:52 -0700 2008 REQUEST /favicon.ico
--- !map:Mongrel::HttpParams 
SERVER_NAME: localhost
PATH_INFO: /favicon.ico
HTTP_ACCEPT_ENCODING: gzip, deflate
HTTP_USER_AGENT: Mozilla/5.0 (Macintosh; U; Intel Mac OS X 10_5_3; en-us) AppleWebKit/525.18 (KHTML, like Gecko) Version/3.1.1 Safari/525.20
SCRIPT_NAME: /
SERVER_PROTOCOL: HTTP/1.1
HTTP_HOST: localhost:3000
HTTP_ACCEPT_LANGUAGE: en-us
HTTP_CACHE_CONTROL: max-age=0
REMOTE_ADDR: 127.0.0.1
SERVER_SOFTWARE: Mongrel 1.1.4
REQUEST_PATH: /favicon.ico
HTTP_REFERER: http://localhost:3000/shiny
HTTP_COOKIE: _shiny_session=BAh7BzoMY3NyZl9pZCIlYzViMmIzZmU0MzI3NDNiMzA1YmUwM2NkZGRiOGVi%0AZmIiCmZsYXNoSUM6J0FjdGlvbkNvbnRyb2xsZXI6OkZsYXNoOjpGbGFzaEhh%0Ac2h7AAY6CkB1c2VkewA%3D--bd47c77cd9be82d0ad191b28640d0b61709a07f5
HTTP_VERSION: HTTP/1.1
REQUEST_URI: /favicon.ico
SERVER_PORT: "3000"
GATEWAY_INTERFACE: CGI/1.2
HTTP_ACCEPT: "*/*"
HTTP_CONNECTION: keep-alive
REQUEST_METHOD: GET

Fri Jul 04 16:21:52 -0700 2008 REQUEST /styles/shiny.css
Fri Jul 04 16:21:52 -0700 2008 REQUEST /source/contrib/prototype.js
--- !map:Mongrel::HttpParams 
SERVER_NAME: localhost
PATH_INFO: /styles/shiny.css
HTTP_ACCEPT_ENCODING: gzip, deflate
HTTP_USER_AGENT: Mozilla/5.0 (Macintosh; U; Intel Mac OS X 10_5_3; en-us) AppleWebKit/525.18 (KHTML, like Gecko) Version/3.1.1 Safari/525.20
SCRIPT_NAME: /
SERVER_PROTOCOL: HTTP/1.1
HTTP_HOST: localhost:3000
HTTP_ACCEPT_LANGUAGE: en-us
HTTP_CACHE_CONTROL: max-age=0
REMOTE_ADDR: 127.0.0.1
SERVER_SOFTWARE: Mongrel 1.1.4
REQUEST_PATH: /styles/shiny.css
HTTP_REFERER: http://localhost:3000/shiny
HTTP_COOKIE: _shiny_session=BAh7BzoMY3NyZl9pZCIlYzViMmIzZmU0MzI3NDNiMzA1YmUwM2NkZGRiOGVi%0AZmIiCmZsYXNoSUM6J0FjdGlvbkNvbnRyb2xsZXI6OkZsYXNoOjpGbGFzaEhh%0Ac2h7AAY6CkB1c2VkewA%3D--bd47c77cd9be82d0ad191b28640d0b61709a07f5
HTTP_VERSION: HTTP/1.1
REQUEST_URI: /styles/shiny.css
SERVER_PORT: "3000"
GATEWAY_INTERFACE: CGI/1.2
HTTP_ACCEPT: text/css,*/*;q=0.1
HTTP_CONNECTION: keep-alive
REQUEST_METHOD: GET

--- !map:Mongrel::HttpParams 
SERVER_NAME: localhost
PATH_INFO: /source/contrib/prototype.js
HTTP_ACCEPT_ENCODING: gzip, deflate
HTTP_USER_AGENT: Mozilla/5.0 (Macintosh; U; Intel Mac OS X 10_5_3; en-us) AppleWebKit/525.18 (KHTML, like Gecko) Version/3.1.1 Safari/525.20
SCRIPT_NAME: /
SERVER_PROTOCOL: HTTP/1.1
HTTP_HOST: localhost:3000
HTTP_ACCEPT_LANGUAGE: en-us
HTTP_CACHE_CONTROL: max-age=0
REMOTE_ADDR: 127.0.0.1
SERVER_SOFTWARE: Mongrel 1.1.4
REQUEST_PATH: /source/contrib/prototype.js
HTTP_REFERER: http://localhost:3000/shiny
HTTP_COOKIE: _shiny_session=BAh7BzoMY3NyZl9pZCIlYzViMmIzZmU0MzI3NDNiMzA1YmUwM2NkZGRiOGVi%0AZmIiCmZsYXNoSUM6J0FjdGlvbkNvbnRyb2xsZXI6OkZsYXNoOjpGbGFzaEhh%0Ac2h7AAY6CkB1c2VkewA%3D--bd47c77cd9be82d0ad191b28640d0b61709a07f5
HTTP_VERSION: HTTP/1.1
REQUEST_URI: /source/contrib/prototype.js
SERVER_PORT: "3000"
GATEWAY_INTERFACE: CGI/1.2
HTTP_ACCEPT: "*/*"
HTTP_CONNECTION: keep-alive
REQUEST_METHOD: GET

